<?xml version="1.0" encoding="UTF-8"?>
<coverage generated="1672794280904" clover="3.2.0">
  <project timestamp="1672794280904" name="All files">
    <metrics statements="15" coveredstatements="0" conditionals="12" coveredconditionals="0" methods="1" coveredmethods="0" elements="28" coveredelements="0" complexity="0" loc="15" ncloc="15" packages="1" files="2" classes="2"/>
    <file name="configuracao.ts" path="C:\Users\Humberto\Documents\bancoDeQuestoes\src\configuracao.ts">
      <metrics statements="2" coveredstatements="0" conditionals="12" coveredconditionals="0" methods="0" coveredmethods="0"/>
      <line num="1" count="0" type="stmt"/>
      <line num="11" count="0" type="stmt"/>
    </file>
    <file name="index.ts" path="C:\Users\Humberto\Documents\bancoDeQuestoes\src\index.ts">
      <metrics statements="13" coveredstatements="0" conditionals="0" coveredconditionals="0" methods="1" coveredmethods="0"/>
      <line num="1" count="0" type="stmt"/>
      <line num="2" count="0" type="stmt"/>
      <line num="3" count="0" type="stmt"/>
      <line num="4" count="0" type="stmt"/>
      <line num="5" count="0" type="stmt"/>
      <line num="7" count="0" type="stmt"/>
      <line num="8" count="0" type="stmt"/>
      <line num="10" count="0" type="stmt"/>
      <line num="12" count="0" type="stmt"/>
      <line num="13" count="0" type="stmt"/>
      <line num="14" count="0" type="stmt"/>
      <line num="16" count="0" type="stmt"/>
      <line num="17" count="0" type="stmt"/>
    </file>
  </project>
</coverage>
