{"C:\\Users\\Humberto\\Documents\\bancoDeQuestoes\\src\\configuracao.ts": {"path":"C:\\Users\\Humberto\\Documents\\bancoDeQuestoes\\src\\configuracao.ts","statementMap":{"0":{"start":{"line":1,"column":21},"end":{"line":9,"column":null}},"1":{"start":{"line":11,"column":9},"end":{"line":11,"column":21}}},"fnMap":{},"branchMap":{"0":{"loc":{"start":{"line":3,"column":11},"end":{"line":3,"column":54}},"type":"cond-expr","locations":[{"start":{"line":3,"column":31},"end":{"line":3,"column":35}},{"start":{"line":3,"column":35},"end":{"line":3,"column":54}}]},"1":{"loc":{"start":{"line":3,"column":11},"end":{"line":3,"column":35}},"type":"binary-expr","locations":[{"start":{"line":3,"column":11},"end":{"line":3,"column":35}},{"start":{"line":3,"column":31},"end":{"line":3,"column":35}}]},"2":{"loc":{"start":{"line":4,"column":13},"end":{"line":4,"column":47}},"type":"cond-expr","locations":[{"start":{"line":4,"column":36},"end":{"line":4,"column":40}},{"start":{"line":4,"column":40},"end":{"line":4,"column":47}}]},"3":{"loc":{"start":{"line":4,"column":13},"end":{"line":4,"column":40}},"type":"binary-expr","locations":[{"start":{"line":4,"column":13},"end":{"line":4,"column":40}},{"start":{"line":4,"column":36},"end":{"line":4,"column":40}}]},"4":{"loc":{"start":{"line":7,"column":19},"end":{"line":7,"column":50}},"type":"cond-expr","locations":[{"start":{"line":7,"column":40},"end":{"line":7,"column":44}},{"start":{"line":7,"column":44},"end":{"line":7,"column":50}}]},"5":{"loc":{"start":{"line":7,"column":19},"end":{"line":7,"column":44}},"type":"binary-expr","locations":[{"start":{"line":7,"column":19},"end":{"line":7,"column":44}},{"start":{"line":7,"column":40},"end":{"line":7,"column":44}}]}},"s":{"0":0,"1":0},"f":{},"b":{"0":[0,0],"1":[0,0],"2":[0,0],"3":[0,0],"4":[0,0],"5":[0,0]}}
,"C:\\Users\\Humberto\\Documents\\bancoDeQuestoes\\src\\index.ts": {"path":"C:\\Users\\Humberto\\Documents\\bancoDeQuestoes\\src\\index.ts","statementMap":{"0":{"start":{"line":1,"column":0},"end":{"line":1,"column":32}},"1":{"start":{"line":2,"column":0},"end":{"line":2,"column":29}},"2":{"start":{"line":3,"column":0},"end":{"line":3,"column":23}},"3":{"start":{"line":4,"column":0},"end":{"line":4,"column":27}},"4":{"start":{"line":5,"column":0},"end":{"line":5,"column":45}},"5":{"start":{"line":7,"column":0},"end":{"line":7,"column":null}},"6":{"start":{"line":8,"column":12},"end":{"line":8,"column":21}},"7":{"start":{"line":10,"column":13},"end":{"line":10,"column":35}},"8":{"start":{"line":12,"column":0},"end":{"line":12,"column":null}},"9":{"start":{"line":13,"column":0},"end":{"line":13,"column":null}},"10":{"start":{"line":14,"column":0},"end":{"line":14,"column":null}},"11":{"start":{"line":16,"column":0},"end":{"line":18,"column":null}},"12":{"start":{"line":17,"column":2},"end":{"line":17,"column":null}}},"fnMap":{"0":{"name":"(anonymous_7)","decl":{"start":{"line":16,"column":17},"end":{"line":16,"column":20}},"loc":{"start":{"line":16,"column":22},"end":{"line":18,"column":1}}}},"branchMap":{},"s":{"0":0,"1":0,"2":0,"3":0,"4":0,"5":0,"6":0,"7":0,"8":0,"9":0,"10":0,"11":0,"12":0},"f":{"0":0},"b":{}}
}
